<?xml version="1.0" encoding="UTF-8"?>
<!-- Generated by org.testng.reporters.JUnitReportReporter -->
<testsuite hostname="SanthoshN" failures="0" tests="2" name="org.ee.test.TC_002_DashboardTest" time="9.256" errors="0" timestamp="15 Feb 2025 08:32:56 GMT" skipped="0">
  <testcase classname="org.ee.test.TC_002_DashboardTest" name="testMethodTwo" time="3.899"/>
  <testcase classname="org.ee.test.TC_002_DashboardTest" name="testMethodOne" time="5.357"/>
</testsuite> <!-- org.ee.test.TC_002_DashboardTest -->
