<?xml version="1.0" encoding="UTF-8"?>
<!-- Generated by org.testng.reporters.JUnitReportReporter -->
<testsuite hostname="SanthoshN" failures="0" tests="2" name="org.ee.test.TC_002_DashboardTest" time="8.973" errors="0" timestamp="15 Feb 2025 14:28:32 GMT" skipped="0">
  <testcase classname="org.ee.test.TC_002_DashboardTest" name="testMethodOne" time="5.384"/>
  <testcase classname="org.ee.test.TC_002_DashboardTest" name="testMethodTwo" time="3.589"/>
</testsuite> <!-- org.ee.test.TC_002_DashboardTest -->
